-------------------------------------------------------------------------------
Test set: com.core.tuichallengeapi.controller.GitHubControllerTests
-------------------------------------------------------------------------------
Tests run: 3, Failures: 0, Errors: 3, Skipped: 0, Time elapsed: 1.331 s <<< FAILURE! -- in com.core.tuichallengeapi.controller.GitHubControllerTests
com.core.tuichallengeapi.controller.GitHubControllerTests.whenUserNotFound_thenStatus404 -- Time elapsed: 1.267 s <<< ERROR!
java.lang.NullPointerException: Cannot invoke "org.springframework.test.web.servlet.MockMvc.perform(org.springframework.test.web.servlet.RequestBuilder)" because "this.mockMvc" is null
	at com.core.tuichallengeapi.controller.GitHubControllerTests.whenUserNotFound_thenStatus404(GitHubControllerTests.java:45)
	at java.base/java.lang.reflect.Method.invoke(Method.java:580)
	at java.base/java.util.ArrayList.forEach(ArrayList.java:1596)
	at java.base/java.util.ArrayList.forEach(ArrayList.java:1596)

com.core.tuichallengeapi.controller.GitHubControllerTests.whenAcceptHeaderIsXml_thenStatus406 -- Time elapsed: 0.005 s <<< ERROR!
java.lang.NullPointerException: Cannot invoke "org.springframework.test.web.servlet.MockMvc.perform(org.springframework.test.web.servlet.RequestBuilder)" because "this.mockMvc" is null
	at com.core.tuichallengeapi.controller.GitHubControllerTests.whenAcceptHeaderIsXml_thenStatus406(GitHubControllerTests.java:54)
	at java.base/java.lang.reflect.Method.invoke(Method.java:580)
	at java.base/java.util.ArrayList.forEach(ArrayList.java:1596)
	at java.base/java.util.ArrayList.forEach(ArrayList.java:1596)

com.core.tuichallengeapi.controller.GitHubControllerTests.whenUserExists_thenStatus200 -- Time elapsed: 0.004 s <<< ERROR!
java.lang.NullPointerException: Cannot invoke "org.springframework.test.web.servlet.MockMvc.perform(org.springframework.test.web.servlet.RequestBuilder)" because "this.mockMvc" is null
	at com.core.tuichallengeapi.controller.GitHubControllerTests.whenUserExists_thenStatus200(GitHubControllerTests.java:35)
	at java.base/java.lang.reflect.Method.invoke(Method.java:580)
	at java.base/java.util.ArrayList.forEach(ArrayList.java:1596)
	at java.base/java.util.ArrayList.forEach(ArrayList.java:1596)

